
> CareGen@0.0.0 start D:\Gregory\Projects\CareGen
> supervisor ./bin/www


Running node-supervisor with
  program './bin/www'
  --watch '.'
  --extensions 'node,js,/bin/www'
  --exec 'node'

Starting child process with 'node ./bin/www'
Watching directory 'D:\Gregory\Projects\CareGen' for changes.
Press rs for restarting the process.
config.jason
simplifiedit@hotmail.com
psalm@119
[0mGET / [36m304 [0m7.837 ms - -[0m
[0mGET /Styles.css [32m200 [0m12.831 ms - 1093[0m
[0mGET /ngDialog.css [32m200 [0m17.120 ms - 1857[0m
[0mGET /ngDialog-theme-default.css [32m200 [0m17.781 ms - 4280[0m
[0mGET /ngDialog-theme-plain.css [32m200 [0m18.048 ms - 3396[0m
[0mGET /Scripts/ngDialog.js [32m200 [0m18.640 ms - 40975[0m
[0mGET /Scripts/angular.min.js [32m200 [0m18.233 ms - 159127[0m
[0mGET /Scripts/angular-cookies.js [32m200 [0m26.600 ms - 11801[0m
[0mGET /Controllers/app.js [32m200 [0m34.425 ms - 1710[0m
[0mGET /Scripts/authServices.js [32m200 [0m34.463 ms - 5233[0m
[0mGET /Views/Home/HomeController.js [32m200 [0m34.918 ms - 1567[0m
[0mGET /Scripts/angular-route.js [32m200 [0m23.828 ms - 52227[0m
[0mGET /Views/Login/LoginController.js [32m200 [0m18.556 ms - 2016[0m
[0mGET /Views/Registration/RegistrationController.js [32m200 [0m3.298 ms - 898[0m
[0mGET /Views/Main/MainController.js [32m200 [0m5.259 ms - 293[0m
[0mGET /Views/Home/Home.html [32m200 [0m4.154 ms - 972[0m
[0mGET /favicon.ico [31m500 [0m705.885 ms - 1798[0m
[0mGET /Styles.css [36m304 [0m1.360 ms - -[0m
[0mGET /ngDialog.css [36m304 [0m1.176 ms - -[0m
[0mGET /ngDialog-theme-default.css [36m304 [0m0.699 ms - -[0m
[0mGET /ngDialog-theme-plain.css [36m304 [0m1.708 ms - -[0m
[0mGET /Scripts/angular.min.js.map [31m500 [0m4.178 ms - 1798[0m
[0mGET /Views/Login/signIn.html [32m200 [0m1.183 ms - 2345[0m
crashing child
Starting child process with 'node ./bin/www'
config.jason
simplifiedit@hotmail.com
psalm@119
crashing child
Starting child process with 'node ./bin/www'
config.jason
simplifiedit@hotmail.com
psalm@119
Program node ./bin/www exited with code 1

Starting child process with 'node ./bin/www'
config.jason
simplifiedit@hotmail.com
psalm@119
Program node ./bin/www exited with code 1

Starting child process with 'node ./bin/www'
config.jason
simplifiedit@hotmail.com
psalm@119
Program node ./bin/www exited with code 1

Starting child process with 'node ./bin/www'
config.jason
simplifiedit@hotmail.com
psalm@119
Program node ./bin/www exited with code 1

Starting child process with 'node ./bin/www'
config.jason
simplifiedit@hotmail.com
psalm@119
Program node ./bin/www exited with code 1

Starting child process with 'node ./bin/www'
config.jason
simplifiedit@hotmail.com
psalm@119
Program node ./bin/www exited with code 1

Starting child process with 'node ./bin/www'
config.jason
simplifiedit@hotmail.com
psalm@119
Program node ./bin/www exited with code 1

Starting child process with 'node ./bin/www'
config.jason
simplifiedit@hotmail.com
psalm@119
Program node ./bin/www exited with code 1

Starting child process with 'node ./bin/www'
config.jason
simplifiedit@hotmail.com
psalm@119
Program node ./bin/www exited with code 1

Starting child process with 'node ./bin/www'
config.jason
simplifiedit@hotmail.com
psalm@119
Program node ./bin/www exited with code 1

Starting child process with 'node ./bin/www'
config.jason
simplifiedit@hotmail.com
psalm@119
Program node ./bin/www exited with code 1

Starting child process with 'node ./bin/www'
config.jason
simplifiedit@hotmail.com
psalm@119
Program node ./bin/www exited with code 1

Starting child process with 'node ./bin/www'
config.jason
simplifiedit@hotmail.com
psalm@119
Program node ./bin/www exited with code 1

Starting child process with 'node ./bin/www'
config.jason
simplifiedit@hotmail.com
psalm@119
Program node ./bin/www exited with code 1

Starting child process with 'node ./bin/www'
config.jason
simplifiedit@hotmail.com
psalm@119
Program node ./bin/www exited with code 1

Starting child process with 'node ./bin/www'
config.jason
simplifiedit@hotmail.com
psalm@119
Program node ./bin/www exited with code 1

Starting child process with 'node ./bin/www'
config.jason
simplifiedit@hotmail.com
psalm@119
Program node ./bin/www exited with code 1

Starting child process with 'node ./bin/www'
config.jason
simplifiedit@hotmail.com
psalm@119
Program node ./bin/www exited with code 1

Starting child process with 'node ./bin/www'
config.jason
simplifiedit@hotmail.com
psalm@119
Program node ./bin/www exited with code 1

Starting child process with 'node ./bin/www'
config.jason
simplifiedit@hotmail.com
psalm@119
Program node ./bin/www exited with code 1

Starting child process with 'node ./bin/www'
crashing child
Starting child process with 'node ./bin/www'
config.jason
simplifiedit@hotmail.com
psalm@119
Program node ./bin/www exited with code 1

Starting child process with 'node ./bin/www'
Received SIGINT, killing child process...
Parent process exiting, terminating child...
Terminate batch job (Y/N)? 
> CareGen@0.0.0 start D:\Gregory\Projects\CareGen
> supervisor ./bin/www


Running node-supervisor with
  program './bin/www'
  --watch '.'
  --extensions 'node,js,/bin/www'
  --exec 'node'

Starting child process with 'node ./bin/www'
Watching directory 'D:\Gregory\Projects\CareGen' for changes.
Press rs for restarting the process.
config.jason
simplifiedit@hotmail.com
psalm@119
Received SIGINT, killing child process...
Parent process exiting, terminating child...
Terminate batch job (Y/N)? 